<?xml version="1.0" encoding="UTF-8"?>
<!-- Generated by org.testng.reporters.JUnitReportReporter -->
<testsuite hostname="DESKTOP-JCJ8HOK" failures="0" tests="3" name="project.NewTest2" time="0.024" errors="0" timestamp="04 Mar 2022 13:43:59 GMT" skipped="1">
  <testcase classname="project.NewTest2" name="f" time="0.014"/>
  <testcase classname="project.NewTest2" name="z" time="0.010"/>
  <testcase classname="project.NewTest2" name="a">
    <skipped/>
  </testcase> <!-- a -->
</testsuite> <!-- project.NewTest2 -->
