<?xml version="1.0" encoding="UTF-8"?>
<!-- Generated by org.testng.reporters.JUnitReportReporter -->
<testsuite hostname="DESKTOP-JCJ8HOK" failures="0" tests="1" name="project.NewTest" time="0.054" errors="0" timestamp="04 Mar 2022 13:31:42 GMT" skipped="0">
  <testcase classname="project.NewTest" name="f" time="0.054"/>
</testsuite> <!-- project.NewTest -->
